{
  "test_execution_summary": {
    "execution_date": "2025-07-13",
    "agent": "Unit Test Specialist",
    "total_test_files_discovered": 26,
    "formal_test_directory": "tests/",
    "root_level_test_files": 19,
    "test_framework": "pytest 8.4.1",
    "python_version": "Python 3.13.5"
  },
  "test_results_by_module": {
    "tests/test_models.py": {
      "status": "PASSED",
      "total_tests": 8,
      "passed": 8,
      "failed": 0,
      "execution_time": "0.03s",
      "coverage_areas": ["WorkItem", "StateTransition", "FlowMetrics"],
      "notes": "All model tests passing, comprehensive validation testing"
    },
    "tests/test_calculator.py": {
      "status": "MOSTLY_PASSED",
      "total_tests": 13,
      "passed": 12,
      "failed": 1,
      "execution_time": "0.14s",
      "failed_tests": ["test_calculator_with_pydantic_config"],
      "failure_reason": "Pydantic validation error - missing required fields",
      "notes": "Core calculator functionality working, configuration integration needs fixes"
    },
    "tests/test_data_storage.py": {
      "status": "PASSED_WITH_WARNINGS",
      "total_tests": 13,
      "passed": 13,
      "failed": 0,
      "execution_time": "2.76s",
      "warnings": 65,
      "warning_type": "DeprecationWarning - sqlite3 datetime adapter",
      "notes": "All storage tests passing but deprecated sqlite3 adapter usage"
    },
    "tests/test_azure_devops_client.py": {
      "status": "PASSED",
      "total_tests": 9,
      "passed": 9,
      "failed": 0,
      "execution_time": "5.18s",
      "coverage_areas": ["Client initialization", "API calls", "Error handling"],
      "notes": "Integration tests all passing, robust error handling"
    },
    "tests/test_config_manager.py": {
      "status": "FAILED",
      "total_tests": 9,
      "passed": 0,
      "failed": 9,
      "execution_time": "0.50s",
      "failure_reason": "Pydantic validation errors - required fields missing",
      "missing_method": "from_file method not found",
      "notes": "Configuration management has serious structural issues"
    },
    "tests/test_config_env_vars.py": {
      "status": "FAILED",
      "total_tests": 6,
      "passed": 0,
      "failed": 6,
      "execution_time": "1.35s",
      "failure_reason": "Missing org_url field and configuration structure issues",
      "notes": "Environment variable handling broken due to config structure changes"
    },
    "tests/test_security_fixes.py": {
      "status": "IMPORT_ERROR",
      "total_tests": "N/A",
      "error": "ImportError: cannot import name 'DashboardConfig' from 'src.config_manager'",
      "notes": "Cannot execute due to missing DashboardConfig class"
    },
    "test_simple.py": {
      "status": "PASSED_WITH_WARNINGS",
      "total_tests": 2,
      "passed": 2,
      "failed": 0,
      "execution_time": "0.03s",
      "warnings": 2,
      "warning_type": "PytestReturnNotNoneWarning - tests return values",
      "notes": "Basic smoke tests passing"
    }
  },
  "critical_issues_identified": [
    {
      "category": "Configuration Management",
      "severity": "HIGH",
      "description": "Pydantic configuration model has breaking changes - required fields not properly defined",
      "affected_tests": ["test_config_manager.py", "test_config_env_vars.py", "test_calculator.py (partial)"],
      "impact": "Configuration system fundamentally broken"
    },
    {
      "category": "Missing Classes",
      "severity": "HIGH", 
      "description": "DashboardConfig class missing from config_manager module",
      "affected_tests": ["test_security_fixes.py"],
      "impact": "Security tests cannot execute"
    },
    {
      "category": "Deprecated Dependencies",
      "severity": "MEDIUM",
      "description": "SQLite3 datetime adapter deprecated warnings",
      "affected_tests": ["test_data_storage.py"],
      "impact": "Future compatibility issues"
    },
    {
      "category": "Test Quality",
      "severity": "LOW",
      "description": "Test functions returning values instead of using assertions",
      "affected_tests": ["test_simple.py"],
      "impact": "Poor test practices"
    }
  ],
  "overall_test_health": {
    "executable_test_files": 5,
    "broken_test_files": 3,
    "total_passing_tests": 45,
    "total_failing_tests": 16,
    "import_errors": 1,
    "pass_rate": "73.8%",
    "critical_failures": 2,
    "recommendation": "IMMEDIATE_ATTENTION_REQUIRED"
  },
  "recommendations": [
    {
      "priority": "HIGH",
      "action": "Fix Pydantic configuration model structure",
      "details": "Add default values or make fields optional in FlowMetricsSettings"
    },
    {
      "priority": "HIGH", 
      "action": "Restore missing DashboardConfig class",
      "details": "Either implement the missing class or update imports"
    },
    {
      "priority": "MEDIUM",
      "action": "Update SQLite datetime handling",
      "details": "Implement recommended replacement for deprecated datetime adapter"
    },
    {
      "priority": "LOW",
      "action": "Fix test return values",
      "details": "Convert return statements to proper assertions in test_simple.py"
    }
  ],
  "coordination_memory_stored": [
    "Test discovery findings: 7 test files in tests/ directory plus 19 root-level test files",
    "pytest.ini configured for comprehensive testing with markers and warnings filters",
    "Virtual environment uses Windows-style Scripts/ directory structure",
    "Core functionality (models, calculator, data storage, azure client) largely working",
    "Configuration management system has critical structural issues requiring immediate fix"
  ]
}